<?xml version="1.0" encoding="UTF-8"?>
<!-- Generated by org.testng.reporters.JUnitReportReporter -->
<testsuite hostname="LAPTOP-AI0OB3V3" failures="0" tests="1" name="FirstFramework.AppiumFramework1.ecommerceProject_TC5_Cloud" time="43.783" errors="0" timestamp="2021-12-05T14:37:05 AST" skipped="0">
  <testcase classname="FirstFramework.AppiumFramework1.ecommerceProject_TC5_Cloud" name="totalValidation" time="43.783"/>
  <system-out/>
</testsuite> <!-- FirstFramework.AppiumFramework1.ecommerceProject_TC5_Cloud -->
