<?xml version="1.0" encoding="UTF-8"?>
<!-- Generated by org.testng.reporters.JUnitReportReporter -->
<testsuite skipped="0" hostname="LAPTOP-AI0OB3V3" name="FirstFramework.AppiumFramework1.apiDemoTest" tests="1" failures="0" timestamp="2021-12-04T09:38:23 AST" time="16.053" errors="0">
  <testcase name="ApiDemo" time="16.053" classname="FirstFramework.AppiumFramework1.apiDemoTest"/>
  <system-out/>
</testsuite> <!-- FirstFramework.AppiumFramework1.apiDemoTest -->
